No of sys arguments 8
10.0 U
60 L
3.0 Beta
avg sign, density, mu 1.4317163333333334 5.00
G_mf_shape (257, 4)
G_mf_shape (257, 4)
G_mf_shape (257, 4)
G_mf_shape (257, 4)
G_mf_shape (257, 4)
G_mf_shape (257, 4)
G_mf_shape (257, 4)
G_mf_shape (257, 4)
G_mf_shape (257, 4)
G_mf_shape (257, 4)
G_mf_shape (257, 4)
G_mf_shape (257, 4)
G_mf_shape (257, 4)
G_mf_shape (257, 4)
G_mf_shape (257, 4)
G_mf_shape (257, 4)
G_mf_shape (257, 4)
G_mf_shape (257, 4)
G_mf_shape (257, 4)
G_mf_shape (257, 4)
G_mf_shape (257, 4)
G_mf_shape (257, 4)
G_mf_shape (257, 4)
G_mf_shape (257, 4)
G_mf_shape (257, 4)
G_mf_shape (257, 4)
G_mf_shape (257, 4)
G_mf_shape (257, 4)
G_mf_shape (257, 4)
G_mf_shape (257, 4)
G_mf_shape (257, 4)
G_mf_shape (257, 4)
G_mf_shape (257, 4)
G_mf_shape (257, 4)
G_mf_shape (257, 4)
G_mf_shape (257, 4)
G_mf_shape (257, 4)
G_mf_shape (257, 4)
G_mf_shape (257, 4)
G_mf_shape (257, 4)
G_mf_shape (257, 4)
G_mf_shape (257, 4)
G_mf_shape (257, 4)
G_mf_shape (257, 4)
G_mf_shape (257, 4)
shape_ re sig (257,)
shape_ re sig (257,)
shape_ re sig (257,)
shape_ re sig (257,)
shape_ re sig (257,)
shape_ re sig (257,)
shape_ re sig (257,)
shape_ re sig (257,)
shape_ re sig (257,)
shape_ re sig (257,)
shape_ re sig (257,)
shape_ re sig (257,)
shape_ re sig (257,)
shape_ re sig (257,)
shape_ re sig (257,)
shape_ re sig (257,)
shape_ re sig (257,)
shape_ re sig (257,)
shape_ re sig (257,)
shape_ re sig (257,)
shape_ re sig (257,)
shape_ re sig (257,)
shape_ re sig (257,)
shape_ re sig (257,)
shape_ re sig (257,)
shape_ re sig (257,)
shape_ re sig (257,)
shape_ re sig (257,)
shape_ re sig (257,)
shape_ re sig (257,)
shape_ re sig (257,)
shape_ re sig (257,)
shape_ re sig (257,)
shape_ re sig (257,)
shape_ re sig (257,)
shape_ re sig (257,)
shape_ re sig (257,)
shape_ re sig (257,)
shape_ re sig (257,)
shape_ re sig (257,)
shape_ re sig (257,)
shape_ re sig (257,)
shape_ re sig (257,)
shape_ re sig (257,)
shape_ re sig (257,)
shape_ re sig (257,)
shape_ re sig (257,)
shape_ re sig (257,)
shape_ re sig (257,)
shape_ re sig (257,)
shape_ re sig (257,)
shape_ re sig (257,)
shape_ re sig (257,)
shape_ re sig (257,)
shape_ re sig (257,)
shape_ re sig (257,)
shape_ re sig (257,)
shape_ re sig (257,)
shape_ re sig (257,)
shape_ re sig (257,)
shape_ re sig (257,)
shape_ re sig (257,)
shape_ re sig (257,)
shape_ re sig (257,)
shape_ re sig (257,)
shape_ re sig (257,)
shape_ re sig (257,)
shape_ re sig (257,)
shape_ re sig (257,)
shape_ re sig (257,)
shape_ re sig (257,)
shape_ re sig (257,)
shape_ re sig (257,)
shape_ re sig (257,)
shape_ re sig (257,)
shape_ re sig (257,)
shape_ re sig (257,)
shape_ re sig (257,)
shape_ re sig (257,)
shape_ re sig (257,)
shape_ re sig (257,)
shape_ re sig (257,)
shape_ re sig (257,)
shape_ re sig (257,)
shape_ re sig (257,)
shape_ re sig (257,)
shape_ re sig (257,)
shape_ re sig (257,)
shape_ re sig (257,)
shape_ re sig (257,)
shape_ re sig (257,)
shape_ re sig (257,)
shape_ re sig (257,)
shape_ re sig (257,)
shape_ re sig (257,)
shape_ re sig (257,)
shape_ re sig (257,)
shape_ re sig (257,)
shape_ re sig (257,)
shape_ re sig (257,)
shape_ re sig (257,)
shape_ re sig (257,)
shape_ re sig (257,)
shape_ re sig (257,)
shape_ re sig (257,)
shape_ re sig (257,)
shape_ re sig (257,)
shape_ re sig (257,)
shape_ re sig (257,)
shape_ re sig (257,)
shape_ re sig (257,)
shape_ re sig (257,)
shape_ re sig (257,)
shape_ re sig (257,)
shape_ re sig (257,)
shape_ re sig (257,)
shape_ re sig (257,)
shape_ re sig (257,)
shape_ re sig (257,)
shape_ re sig (257,)
shape_ re sig (257,)
shape_ re sig (257,)
shape_ re sig (257,)
shape_ re sig (257,)
shape_ re sig (257,)
shape_ re sig (257,)
shape_ re sig (257,)
shape_ re sig (257,)
shape_ re sig (257,)
shape_ re sig (257,)
shape_ re sig (257,)
shape_ re sig (257,)
shape_ re sig (257,)
shape_ re sig (257,)
shape_ re sig (257,)
