No of sys arguments 7
6.00 U
54 L
2.7 Beta
avg sign, density, mu 1.0 0.00
ru no 0
ru no 1
ru no 2
ru no 3
ru no 4
ru no 5
ru no 6
ru no 7
ru no 8
ru no 9
ru no 10
ru no 11
ru no 12
ru no 13
ru no 14
ru no 15
ru no 16
ru no 17
ru no 18
ru no 19
ru no 20
run total 50
No of r points 45
Shape of G_r_avg (55, 45)
run total 50
run_no 0
run_no 1
run_no 2
run_no 3
run_no 4
run_no 5
run_no 6
run_no 7
run_no 8
run_no 9
run_no 10
run_no 11
run_no 12
run_no 13
run_no 14
run_no 15
run_no 16
run_no 17
run_no 18
run_no 19
run_no 20
No of k points 45
Shape of G_k_avg (55, 45)
run total 50
